Measuring per-expert post-RHT kurtosis across all 3072 matrices...
(pre-RHT kurtosis reported as well for comparison)

  L00: 192 tensors processed (59.9s, elapsed 60s)
  L01: 384 tensors processed (52.5s, elapsed 112s)
  L02: 576 tensors processed (56.8s, elapsed 169s)
  L03: 768 tensors processed (46.5s, elapsed 216s)
  L04: 960 tensors processed (47.3s, elapsed 263s)
  L05: 1152 tensors processed (50.0s, elapsed 313s)
  L06: 1344 tensors processed (49.1s, elapsed 362s)
  L07: 1536 tensors processed (49.2s, elapsed 411s)
  L08: 1728 tensors processed (47.1s, elapsed 458s)
  L09: 1920 tensors processed (48.1s, elapsed 507s)
  L10: 2112 tensors processed (45.4s, elapsed 552s)
  L11: 2304 tensors processed (46.0s, elapsed 598s)
  L12: 2496 tensors processed (49.0s, elapsed 647s)
  L13: 2688 tensors processed (46.9s, elapsed 694s)
  L14: 2880 tensors processed (57.1s, elapsed 751s)
  L15: 3072 tensors processed (55.5s, elapsed 806s)

======================================================================
KURTOSIS SUMMARY (Gaussian = 3.0)
======================================================================
Number of expert weight tensors: 3072

Pre-RHT  : mean=3.467  median=3.178
           range=[3.00, 44.15]  std=1.67

Post-RHT : mean=3.004  median=3.003
           range=[2.99, 3.70]  std=0.01

Post-RHT by projection:
  gate_proj   : mean=3.007  median=3.005  range=[2.99, 3.70]
  up_proj     : mean=3.002  median=3.002  range=[2.99, 3.05]
  down_proj   : mean=3.003  median=3.003  range=[2.99, 3.04]

Saved to results/kurtosis_per_expert.json
Total wall time: 807s
