nohup: ignoring input
============================================================
PPL eval: config=2bit_noft, dataset=c4
============================================================

Loading OLMoE in bf16 on GPU...
Loading checkpoint shards:   0%|          | 0/6 [00:00<?, ?it/s]Loading checkpoint shards:  17%|█▋        | 1/6 [00:04<00:21,  4.25s/it]Loading checkpoint shards:  33%|███▎      | 2/6 [00:08<00:16,  4.01s/it]Loading checkpoint shards:  50%|█████     | 3/6 [00:13<00:13,  4.44s/it]Loading checkpoint shards:  67%|██████▋   | 4/6 [00:21<00:12,  6.13s/it]Loading checkpoint shards:  83%|████████▎ | 5/6 [00:37<00:09,  9.49s/it]Loading checkpoint shards: 100%|██████████| 6/6 [00:46<00:00,  9.58s/it]Loading checkpoint shards: 100%|██████████| 6/6 [00:46<00:00,  7.83s/it]
  loaded in 48s

Installing 2-bit quantized weights from cache/quantized_per_layer_H...
Installing 3136 quantized targets from cache/quantized_per_layer_H
Traceback (most recent call last):
  File "<frozen runpy>", line 198, in _run_module_as_main
  File "<frozen runpy>", line 88, in _run_code
  File "/home/hungryeagle/qtip-olmoe/src/eval/run_ppl.py", line 121, in <module>
    main()
  File "/home/hungryeagle/qtip-olmoe/src/eval/run_ppl.py", line 67, in main
    install_stats = install_quantized_weights(model, quant_dir=args.quant_dir, verbose=True)
                    ^^^^^^^^^^^^^^^^^^^^^^^^^^^^^^^^^^^^^^^^^^^^^^^^^^^^^^^^^^^^^^^^^^^^^^^^
  File "/home/hungryeagle/qtip-olmoe/src/eval/install_quantized.py", line 78, in install_quantized_weights
    target.set_weight(Wh_torch)
  File "/home/hungryeagle/qtip-olmoe/src/models/olmoe_adapter.py", line 105, in set_
    experts.gate_up_proj[expert_idx, offset:offset + I, :].copy_(
    ^^^^^^^^^^^^^^^^^^^^
  File "/home/hungryeagle/qtip-olmoe/.venv/lib/python3.12/site-packages/torch/nn/modules/module.py", line 1729, in __getattr__
    raise AttributeError(f"'{type(self).__name__}' object has no attribute '{name}'")
AttributeError: 'ModuleList' object has no attribute 'gate_up_proj'
