A.11 routing ablation: per-layer mean H quantization
Output dir: cache/quantized_per_layer_weighted_H
Layers: [0, 16)
Damping: 0.01

=== Layer 0 ===
  L00 attn_q_proj: proxy=2.0058e-07 time=8.4s
  L00 attn_k_proj: proxy=1.7945e-07 time=9.8s
  L00 attn_v_proj: proxy=5.0651e-07 time=6.4s
  L00 attn_o_proj: proxy=2.4367e-08 time=6.5s
  L00 progress: 16/64 experts, 206s elapsed
  L00 progress: 32/64 experts, 390s elapsed
  L00 progress: 48/64 experts, 576s elapsed
  L00 progress: 64/64 experts, 771s elapsed
  L00 done: 196 targets in 771s (3.9s/target avg)
  layer aggregate expert proxy loss: 1.3606e-01

=== Layer 1 ===
  L01 attn_q_proj: proxy=9.1321e-07 time=7.6s
  L01 attn_k_proj: proxy=8.8660e-07 time=7.8s
  L01 attn_v_proj: proxy=1.7677e-06 time=8.3s
  L01 attn_o_proj: proxy=7.5360e-08 time=11.9s
  L01 progress: 16/64 experts, 225s elapsed
  L01 progress: 32/64 experts, 434s elapsed
  L01 progress: 48/64 experts, 624s elapsed
  L01 progress: 64/64 experts, 811s elapsed
  L01 done: 196 targets in 811s (4.1s/target avg)
  layer aggregate expert proxy loss: 2.4665e-01

=== Layer 2 ===
  L02 attn_q_proj: proxy=2.6196e-06 time=11.1s
  L02 attn_k_proj: proxy=2.4956e-06 time=7.7s
  L02 attn_v_proj: proxy=3.9693e-06 time=7.7s
  L02 attn_o_proj: proxy=1.2618e-07 time=8.0s
  L02 progress: 16/64 experts, 223s elapsed
  L02 progress: 32/64 experts, 408s elapsed
  L02 progress: 48/64 experts, 593s elapsed
  L02 progress: 64/64 experts, 780s elapsed
  L02 done: 196 targets in 780s (4.0s/target avg)
  layer aggregate expert proxy loss: 3.5813e-01

=== Layer 3 ===
  L03 attn_q_proj: proxy=3.3936e-06 time=8.2s
  L03 attn_k_proj: proxy=3.3607e-06 time=11.6s
  L03 attn_v_proj: proxy=5.0647e-06 time=8.5s
  L03 attn_o_proj: proxy=1.2736e-07 time=7.8s
  L03 progress: 16/64 experts, 221s elapsed
  L03 progress: 32/64 experts, 401s elapsed
  L03 progress: 48/64 experts, 584s elapsed
  L03 progress: 64/64 experts, 770s elapsed
  L03 done: 196 targets in 770s (3.9s/target avg)
  layer aggregate expert proxy loss: 4.4571e-01

=== Layer 4 ===
  L04 attn_q_proj: proxy=5.6277e-06 time=8.2s
  L04 attn_k_proj: proxy=5.2128e-06 time=8.1s
  L04 attn_v_proj: proxy=8.4679e-06 time=7.6s
  L04 attn_o_proj: proxy=3.3157e-07 time=11.3s
  L04 progress: 16/64 experts, 218s elapsed
  L04 progress: 32/64 experts, 403s elapsed
  L04 progress: 48/64 experts, 589s elapsed
  L04 progress: 64/64 experts, 774s elapsed
  L04 done: 196 targets in 774s (4.0s/target avg)
  layer aggregate expert proxy loss: 6.3392e-01

=== Layer 5 ===
  L05 attn_q_proj: proxy=7.2682e-06 time=8.9s
  L05 attn_k_proj: proxy=7.1636e-06 time=8.3s
  L05 attn_v_proj: proxy=1.0476e-05 time=11.3s
  L05 attn_o_proj: proxy=4.6383e-07 time=7.2s
  L05 progress: 16/64 experts, 217s elapsed
  L05 progress: 32/64 experts, 403s elapsed
  L05 progress: 48/64 experts, 592s elapsed
  L05 progress: 64/64 experts, 783s elapsed
  L05 done: 196 targets in 783s (4.0s/target avg)
  layer aggregate expert proxy loss: 7.8633e-01

=== Layer 6 ===
  L06 attn_q_proj: proxy=9.0437e-06 time=8.9s
  L06 attn_k_proj: proxy=8.7480e-06 time=9.7s
  L06 attn_v_proj: proxy=1.4334e-05 time=7.5s
  L06 attn_o_proj: proxy=6.6904e-07 time=11.1s
  L06 progress: 16/64 experts, 223s elapsed
  L06 progress: 32/64 experts, 408s elapsed
  L06 progress: 48/64 experts, 590s elapsed
  L06 progress: 64/64 experts, 774s elapsed
  L06 done: 196 targets in 774s (3.9s/target avg)
  layer aggregate expert proxy loss: 9.1485e-01

=== Layer 7 ===
  L07 attn_q_proj: proxy=1.1576e-05 time=11.9s
  L07 attn_k_proj: proxy=1.0930e-05 time=8.1s
  L07 attn_v_proj: proxy=1.8510e-05 time=7.6s
  L07 attn_o_proj: proxy=1.0256e-06 time=7.2s
  L07 progress: 16/64 experts, 214s elapsed
  L07 progress: 32/64 experts, 393s elapsed
  L07 progress: 48/64 experts, 574s elapsed
  L07 progress: 64/64 experts, 758s elapsed
  L07 done: 196 targets in 758s (3.9s/target avg)
  layer aggregate expert proxy loss: 9.6267e-01

=== Layer 8 ===
  L08 attn_q_proj: proxy=2.1608e-05 time=11.7s
  L08 attn_k_proj: proxy=2.0873e-05 time=9.0s
  L08 attn_v_proj: proxy=3.2689e-05 time=7.2s
  L08 attn_o_proj: proxy=1.5489e-06 time=7.1s
  L08 progress: 16/64 experts, 213s elapsed
  L08 progress: 32/64 experts, 393s elapsed
  L08 progress: 48/64 experts, 574s elapsed
  L08 progress: 64/64 experts, 756s elapsed
  L08 done: 196 targets in 756s (3.9s/target avg)
  layer aggregate expert proxy loss: 1.0529e+00

=== Layer 9 ===
  L09 attn_q_proj: proxy=3.6603e-05 time=7.6s
  L09 attn_k_proj: proxy=3.3737e-05 time=12.5s
  L09 attn_v_proj: proxy=5.6938e-05 time=8.0s
  L09 attn_o_proj: proxy=2.4122e-06 time=7.1s
  L09 progress: 16/64 experts, 209s elapsed
  L09 progress: 32/64 experts, 395s elapsed
  L09 progress: 48/64 experts, 575s elapsed
  L09 progress: 64/64 experts, 755s elapsed
  L09 done: 196 targets in 755s (3.9s/target avg)
  layer aggregate expert proxy loss: 1.2590e+00

=== Layer 10 ===
  L10 attn_q_proj: proxy=5.3788e-05 time=7.4s
  L10 attn_k_proj: proxy=5.1547e-05 time=7.1s
  L10 attn_v_proj: proxy=8.9887e-05 time=7.7s
  L10 attn_o_proj: proxy=5.3087e-06 time=7.3s
  L10 progress: 16/64 experts, 208s elapsed
  L10 progress: 32/64 experts, 392s elapsed
  L10 progress: 48/64 experts, 567s elapsed
  L10 progress: 64/64 experts, 744s elapsed
  L10 done: 196 targets in 744s (3.8s/target avg)
  layer aggregate expert proxy loss: 1.5196e+00

=== Layer 11 ===
  L11 attn_q_proj: proxy=7.8442e-05 time=11.0s
  L11 attn_k_proj: proxy=7.2470e-05 time=7.1s
  L11 attn_v_proj: proxy=1.3031e-04 time=7.6s
  L11 attn_o_proj: proxy=8.7106e-06 time=7.0s
  L11 progress: 16/64 experts, 211s elapsed
  L11 progress: 32/64 experts, 391s elapsed
  L11 progress: 48/64 experts, 569s elapsed
  L11 progress: 64/64 experts, 749s elapsed
  L11 done: 196 targets in 749s (3.8s/target avg)
  layer aggregate expert proxy loss: 2.0236e+00

=== Layer 12 ===
  L12 attn_q_proj: proxy=1.2910e-04 time=10.8s
  L12 attn_k_proj: proxy=1.1613e-04 time=8.0s
  L12 attn_v_proj: proxy=2.3410e-04 time=6.9s
  L12 attn_o_proj: proxy=1.2697e-05 time=7.4s
  L12 progress: 16/64 experts, 209s elapsed
  L12 progress: 32/64 experts, 389s elapsed
  L12 progress: 48/64 experts, 568s elapsed
  L12 progress: 64/64 experts, 744s elapsed
  L12 done: 196 targets in 744s (3.8s/target avg)
  layer aggregate expert proxy loss: 2.4561e+00

=== Layer 13 ===
  L13 attn_q_proj: proxy=2.6459e-04 time=7.4s
  L13 attn_k_proj: proxy=2.2900e-04 time=10.5s
  L13 attn_v_proj: proxy=5.5373e-04 time=7.9s
  L13 attn_o_proj: proxy=2.0914e-05 time=7.8s
  L13 progress: 16/64 experts, 211s elapsed
  L13 progress: 32/64 experts, 391s elapsed
  L13 progress: 48/64 experts, 570s elapsed
  L13 progress: 64/64 experts, 747s elapsed
  L13 done: 196 targets in 747s (3.8s/target avg)
  layer aggregate expert proxy loss: 2.9942e+00

=== Layer 14 ===
  L14 attn_q_proj: proxy=2.5475e-04 time=8.4s
  L14 attn_k_proj: proxy=2.1811e-04 time=8.9s
  L14 attn_v_proj: proxy=6.6348e-04 time=9.7s
  L14 attn_o_proj: proxy=2.3491e-05 time=7.8s
  L14 progress: 16/64 experts, 211s elapsed
  L14 progress: 32/64 experts, 387s elapsed
  L14 progress: 48/64 experts, 561s elapsed
  L14 progress: 64/64 experts, 739s elapsed
  L14 done: 196 targets in 739s (3.8s/target avg)
  layer aggregate expert proxy loss: 3.5335e+00

=== Layer 15 ===
  L15 attn_q_proj: proxy=3.5097e-04 time=9.2s
  L15 attn_k_proj: proxy=3.1050e-04 time=9.6s
  L15 attn_v_proj: proxy=9.0367e-04 time=8.6s
  L15 attn_o_proj: proxy=5.9215e-05 time=8.0s
  L15 progress: 16/64 experts, 213s elapsed
  L15 progress: 32/64 experts, 389s elapsed
  L15 progress: 48/64 experts, 567s elapsed
  L15 progress: 64/64 experts, 747s elapsed
  L15 done: 196 targets in 747s (3.8s/target avg)
  layer aggregate expert proxy loss: 3.6304e+00

=== A.11 quantization done ===
Total wall clock: 203.3 min
