Quantizing layers [0, 16)
Damping coefficient: 0.01
Device: NVIDIA GeForce RTX 4080 Laptop GPU


=== Layer 0 ===
  L00 attn_q_proj: shape=(2048, 2048) proxy=1.9953e-07 time=11.5s
  L00 attn_k_proj: shape=(2048, 2048) proxy=1.8061e-07 time=12.8s
  L00 attn_v_proj: shape=(2048, 2048) proxy=5.0516e-07 time=10.9s
  L00 attn_o_proj: shape=(2048, 2048) proxy=2.4115e-08 time=9.8s
  L00 progress: 16/64 experts, 246s elapsed
  L00 progress: 32/64 experts, 432s elapsed
  L00 progress: 48/64 experts, 617s elapsed
  L00 progress: 64/64 experts, 801s elapsed
  L00 done: 196 targets in 801s (4.1s/target avg)
  layer 0 done in 801s (13.3 min)
  attn proxy mean: 2.274e-07
  expert proxy mean: 6.303e-04
  total elapsed: 13.3 min
  ETA remaining: 200.1 min

=== Layer 1 ===
  L01 attn_q_proj: shape=(2048, 2048) proxy=9.1313e-07 time=7.8s
  L01 attn_k_proj: shape=(2048, 2048) proxy=8.8653e-07 time=9.5s
  L01 attn_v_proj: shape=(2048, 2048) proxy=1.7662e-06 time=8.3s
  L01 attn_o_proj: shape=(2048, 2048) proxy=7.5428e-08 time=8.0s
  L01 progress: 16/64 experts, 221s elapsed
  L01 progress: 32/64 experts, 405s elapsed
  L01 progress: 48/64 experts, 588s elapsed
  L01 progress: 64/64 experts, 775s elapsed
  L01 done: 196 targets in 775s (4.0s/target avg)
  layer 1 done in 775s (12.9 min)
  attn proxy mean: 9.103e-07
  expert proxy mean: 1.120e-03
  total elapsed: 26.3 min
  ETA remaining: 183.8 min

=== Layer 2 ===
  L02 attn_q_proj: shape=(2048, 2048) proxy=2.6229e-06 time=8.8s
  L02 attn_k_proj: shape=(2048, 2048) proxy=2.4928e-06 time=8.2s
  L02 attn_v_proj: shape=(2048, 2048) proxy=3.9728e-06 time=8.3s
  L02 attn_o_proj: shape=(2048, 2048) proxy=1.2638e-07 time=9.0s
  L02 progress: 16/64 experts, 214s elapsed
  L02 progress: 32/64 experts, 393s elapsed
  L02 progress: 48/64 experts, 573s elapsed
  L02 progress: 64/64 experts, 756s elapsed
  L02 done: 196 targets in 756s (3.9s/target avg)
  layer 2 done in 756s (12.6 min)
  attn proxy mean: 2.304e-06
  expert proxy mean: 1.627e-03
  total elapsed: 38.9 min
  ETA remaining: 168.4 min

=== Layer 3 ===
  L03 attn_q_proj: shape=(2048, 2048) proxy=3.3811e-06 time=8.8s
  L03 attn_k_proj: shape=(2048, 2048) proxy=3.3597e-06 time=8.7s
  L03 attn_v_proj: shape=(2048, 2048) proxy=5.0632e-06 time=8.8s
  L03 attn_o_proj: shape=(2048, 2048) proxy=1.2738e-07 time=8.6s
  L03 progress: 16/64 experts, 212s elapsed
  L03 progress: 32/64 experts, 392s elapsed
  L03 progress: 48/64 experts, 575s elapsed
  L03 progress: 64/64 experts, 758s elapsed
  L03 done: 196 targets in 758s (3.9s/target avg)
  layer 3 done in 758s (12.6 min)
  attn proxy mean: 2.983e-06
  expert proxy mean: 2.080e-03
  total elapsed: 51.5 min
  ETA remaining: 154.4 min

=== Layer 4 ===
  L04 attn_q_proj: shape=(2048, 2048) proxy=5.6310e-06 time=8.4s
  L04 attn_k_proj: shape=(2048, 2048) proxy=5.2190e-06 time=8.3s
  L04 attn_v_proj: shape=(2048, 2048) proxy=8.4617e-06 time=8.3s
  L04 attn_o_proj: shape=(2048, 2048) proxy=3.3187e-07 time=9.3s
  L04 progress: 16/64 experts, 216s elapsed
  L04 progress: 32/64 experts, 398s elapsed
  L04 progress: 48/64 experts, 579s elapsed
  L04 progress: 64/64 experts, 762s elapsed
  L04 done: 196 targets in 762s (3.9s/target avg)
  layer 4 done in 762s (12.7 min)
  attn proxy mean: 4.911e-06
  expert proxy mean: 2.970e-03
  total elapsed: 64.2 min
  ETA remaining: 141.2 min

=== Layer 5 ===
  L05 attn_q_proj: shape=(2048, 2048) proxy=7.2770e-06 time=8.7s
  L05 attn_k_proj: shape=(2048, 2048) proxy=7.1599e-06 time=7.7s
  L05 attn_v_proj: shape=(2048, 2048) proxy=1.0490e-05 time=8.1s
  L05 attn_o_proj: shape=(2048, 2048) proxy=4.6267e-07 time=8.4s
  L05 progress: 16/64 experts, 214s elapsed
  L05 progress: 32/64 experts, 393s elapsed
  L05 progress: 48/64 experts, 569s elapsed
  L05 progress: 64/64 experts, 750s elapsed
  L05 done: 196 targets in 750s (3.8s/target avg)
  layer 5 done in 750s (12.5 min)
  attn proxy mean: 6.347e-06
  expert proxy mean: 3.712e-03
  total elapsed: 76.7 min
  ETA remaining: 127.8 min

=== Layer 6 ===
  L06 attn_q_proj: shape=(2048, 2048) proxy=9.0488e-06 time=8.7s
  L06 attn_k_proj: shape=(2048, 2048) proxy=8.7495e-06 time=8.1s
  L06 attn_v_proj: shape=(2048, 2048) proxy=1.4339e-05 time=7.9s
  L06 attn_o_proj: shape=(2048, 2048) proxy=6.6905e-07 time=8.7s
  L06 progress: 16/64 experts, 214s elapsed
  L06 progress: 32/64 experts, 392s elapsed
  L06 progress: 48/64 experts, 573s elapsed
  L06 progress: 64/64 experts, 751s elapsed
  L06 done: 196 targets in 751s (3.8s/target avg)
  layer 6 done in 751s (12.5 min)
  attn proxy mean: 8.201e-06
  expert proxy mean: 4.315e-03
  total elapsed: 89.2 min
  ETA remaining: 114.7 min

=== Layer 7 ===
  L07 attn_q_proj: shape=(2048, 2048) proxy=1.1562e-05 time=8.8s
  L07 attn_k_proj: shape=(2048, 2048) proxy=1.0950e-05 time=8.5s
  L07 attn_v_proj: shape=(2048, 2048) proxy=1.8510e-05 time=7.5s
  L07 attn_o_proj: shape=(2048, 2048) proxy=1.0273e-06 time=8.4s
  L07 progress: 16/64 experts, 212s elapsed
  L07 progress: 32/64 experts, 392s elapsed
  L07 progress: 48/64 experts, 574s elapsed
  L07 progress: 64/64 experts, 754s elapsed
  L07 done: 196 targets in 754s (3.8s/target avg)
  layer 7 done in 754s (12.6 min)
  attn proxy mean: 1.051e-05
  expert proxy mean: 4.500e-03
  total elapsed: 101.8 min
  ETA remaining: 101.8 min

=== Layer 8 ===
  L08 attn_q_proj: shape=(2048, 2048) proxy=2.1610e-05 time=8.1s
  L08 attn_k_proj: shape=(2048, 2048) proxy=2.0855e-05 time=8.4s
  L08 attn_v_proj: shape=(2048, 2048) proxy=3.2711e-05 time=9.6s
  L08 attn_o_proj: shape=(2048, 2048) proxy=1.5499e-06 time=7.8s
  L08 progress: 16/64 experts, 213s elapsed
  L08 progress: 32/64 experts, 389s elapsed
  L08 progress: 48/64 experts, 567s elapsed
  L08 progress: 64/64 experts, 745s elapsed
  L08 done: 196 targets in 745s (3.8s/target avg)
  layer 8 done in 745s (12.4 min)
  attn proxy mean: 1.918e-05
  expert proxy mean: 4.892e-03
  total elapsed: 114.2 min
  ETA remaining: 88.8 min

=== Layer 9 ===
  L09 attn_q_proj: shape=(2048, 2048) proxy=3.6566e-05 time=8.7s
  L09 attn_k_proj: shape=(2048, 2048) proxy=3.3786e-05 time=8.4s
  L09 attn_v_proj: shape=(2048, 2048) proxy=5.6945e-05 time=8.7s
  L09 attn_o_proj: shape=(2048, 2048) proxy=2.4113e-06 time=7.7s
  L09 progress: 16/64 experts, 209s elapsed
  L09 progress: 32/64 experts, 387s elapsed
  L09 progress: 48/64 experts, 568s elapsed
  L09 progress: 64/64 experts, 747s elapsed
  L09 done: 196 targets in 747s (3.8s/target avg)
  layer 9 done in 747s (12.4 min)
  attn proxy mean: 3.243e-05
  expert proxy mean: 5.788e-03
  total elapsed: 126.6 min
  ETA remaining: 76.0 min

=== Layer 10 ===
  L10 attn_q_proj: shape=(2048, 2048) proxy=5.3806e-05 time=7.8s
  L10 attn_k_proj: shape=(2048, 2048) proxy=5.1557e-05 time=9.1s
  L10 attn_v_proj: shape=(2048, 2048) proxy=8.9918e-05 time=8.5s
  L10 attn_o_proj: shape=(2048, 2048) proxy=5.3109e-06 time=7.7s
  L10 progress: 16/64 experts, 214s elapsed
  L10 progress: 32/64 experts, 393s elapsed
  L10 progress: 48/64 experts, 571s elapsed
  L10 progress: 64/64 experts, 752s elapsed
  L10 done: 196 targets in 752s (3.8s/target avg)
  layer 10 done in 752s (12.5 min)
  attn proxy mean: 5.015e-05
  expert proxy mean: 6.848e-03
  total elapsed: 139.2 min
  ETA remaining: 63.3 min

=== Layer 11 ===
  L11 attn_q_proj: shape=(2048, 2048) proxy=7.8435e-05 time=8.4s
  L11 attn_k_proj: shape=(2048, 2048) proxy=7.2510e-05 time=8.8s
  L11 attn_v_proj: shape=(2048, 2048) proxy=1.3008e-04 time=9.8s
  L11 attn_o_proj: shape=(2048, 2048) proxy=8.7001e-06 time=9.4s
  L11 progress: 16/64 experts, 227s elapsed
  L11 progress: 32/64 experts, 414s elapsed
  L11 progress: 48/64 experts, 609s elapsed
  L11 progress: 64/64 experts, 803s elapsed
  L11 done: 196 targets in 803s (4.1s/target avg)
  layer 11 done in 803s (13.4 min)
  attn proxy mean: 7.243e-05
  expert proxy mean: 9.101e-03
  total elapsed: 152.5 min
  ETA remaining: 50.8 min

=== Layer 12 ===
  L12 attn_q_proj: shape=(2048, 2048) proxy=1.2900e-04 time=9.5s
  L12 attn_k_proj: shape=(2048, 2048) proxy=1.1598e-04 time=8.6s
  L12 attn_v_proj: shape=(2048, 2048) proxy=2.3453e-04 time=8.0s
  L12 attn_o_proj: shape=(2048, 2048) proxy=1.2696e-05 time=9.4s
  L12 progress: 16/64 experts, 215s elapsed
  L12 progress: 32/64 experts, 399s elapsed
  L12 progress: 48/64 experts, 582s elapsed
  L12 progress: 64/64 experts, 771s elapsed
  L12 done: 196 targets in 771s (3.9s/target avg)
  layer 12 done in 771s (12.9 min)
  attn proxy mean: 1.231e-04
  expert proxy mean: 1.097e-02
  total elapsed: 165.4 min
  ETA remaining: 38.2 min

=== Layer 13 ===
  L13 attn_q_proj: shape=(2048, 2048) proxy=2.6446e-04 time=8.3s
  L13 attn_k_proj: shape=(2048, 2048) proxy=2.2900e-04 time=8.8s
  L13 attn_v_proj: shape=(2048, 2048) proxy=5.5342e-04 time=8.5s
  L13 attn_o_proj: shape=(2048, 2048) proxy=2.0930e-05 time=9.2s
  L13 progress: 16/64 experts, 220s elapsed
  L13 progress: 32/64 experts, 408s elapsed
  L13 progress: 48/64 experts, 588s elapsed
  L13 progress: 64/64 experts, 769s elapsed
  L13 done: 196 targets in 769s (3.9s/target avg)
  layer 13 done in 769s (12.8 min)
  attn proxy mean: 2.669e-04
  expert proxy mean: 1.348e-02
  total elapsed: 178.2 min
  ETA remaining: 25.5 min

=== Layer 14 ===
  L14 attn_q_proj: shape=(2048, 2048) proxy=2.5533e-04 time=8.0s
  L14 attn_k_proj: shape=(2048, 2048) proxy=2.1837e-04 time=9.1s
  L14 attn_v_proj: shape=(2048, 2048) proxy=6.6301e-04 time=9.3s
  L14 attn_o_proj: shape=(2048, 2048) proxy=2.3496e-05 time=8.1s
  L14 progress: 16/64 experts, 215s elapsed
  L14 progress: 32/64 experts, 396s elapsed
  L14 progress: 48/64 experts, 581s elapsed
  L14 progress: 64/64 experts, 763s elapsed
  L14 done: 196 targets in 763s (3.9s/target avg)
  layer 14 done in 763s (12.7 min)
  attn proxy mean: 2.901e-04
  expert proxy mean: 1.568e-02
  total elapsed: 190.9 min
  ETA remaining: 12.7 min

=== Layer 15 ===
  L15 attn_q_proj: shape=(2048, 2048) proxy=3.5131e-04 time=9.2s
  L15 attn_k_proj: shape=(2048, 2048) proxy=3.1059e-04 time=8.2s
  L15 attn_v_proj: shape=(2048, 2048) proxy=9.0358e-04 time=8.1s
  L15 attn_o_proj: shape=(2048, 2048) proxy=5.9394e-05 time=8.5s
  L15 progress: 16/64 experts, 220s elapsed
  L15 progress: 32/64 experts, 406s elapsed
  L15 progress: 48/64 experts, 587s elapsed
  L15 progress: 64/64 experts, 779s elapsed
  L15 done: 196 targets in 779s (4.0s/target avg)
  layer 15 done in 779s (13.0 min)
  attn proxy mean: 4.062e-04
  expert proxy mean: 1.569e-02
  total elapsed: 203.9 min
  ETA remaining: 0.0 min

=== All 16 layers done ===
Total wall clock: 12235s (203.9 min, 3.40 hours)
Per-layer average: 765s
Aggregate stats saved to: cache/quantized/aggregate_stats.pt
